{"C:\\Rahul Space\\Namaste React\\src\\components\\Card.js": {"path":"C:\\Rahul Space\\Namaste React\\src\\components\\Card.js","statementMap":{"0":{"start":{"line":3,"column":13},"end":{"line":14,"column":1}},"1":{"start":{"line":4,"column":73},"end":{"line":4,"column":83}},"2":{"start":{"line":5,"column":4},"end":{"line":13,"column":5}},"3":{"start":{"line":16,"column":28},"end":{"line":25,"column":1}},"4":{"start":{"line":17,"column":4},"end":{"line":24,"column":5}},"5":{"start":{"line":18,"column":8},"end":{"line":23,"column":9}}},"fnMap":{"0":{"name":"(anonymous_0)","decl":{"start":{"line":3,"column":13},"end":{"line":3,"column":14}},"loc":{"start":{"line":3,"column":27},"end":{"line":14,"column":1}},"line":3},"1":{"name":"(anonymous_1)","decl":{"start":{"line":16,"column":28},"end":{"line":16,"column":29}},"loc":{"start":{"line":16,"column":38},"end":{"line":25,"column":1}},"line":16},"2":{"name":"(anonymous_2)","decl":{"start":{"line":17,"column":11},"end":{"line":17,"column":12}},"loc":{"start":{"line":17,"column":22},"end":{"line":24,"column":5}},"line":17}},"branchMap":{},"s":{"0":1,"1":2,"2":2,"3":1,"4":1,"5":1},"f":{"0":2,"1":1,"2":1},"b":{},"_coverageSchema":"1a1c01bbd47fc00a2c39e90264f33305004495a9","hash":"f339d465aca955e1f76bf4dd4794755293470e22"}
,"C:\\Rahul Space\\Namaste React\\src\\components\\Contact.js": {"path":"C:\\Rahul Space\\Namaste React\\src\\components\\Contact.js","statementMap":{"0":{"start":{"line":1,"column":16},"end":{"line":15,"column":1}},"1":{"start":{"line":2,"column":4},"end":{"line":14,"column":5}}},"fnMap":{"0":{"name":"(anonymous_0)","decl":{"start":{"line":1,"column":16},"end":{"line":1,"column":17}},"loc":{"start":{"line":1,"column":22},"end":{"line":15,"column":1}},"line":1}},"branchMap":{},"s":{"0":1,"1":4},"f":{"0":4},"b":{},"_coverageSchema":"1a1c01bbd47fc00a2c39e90264f33305004495a9","hash":"1731daa3ae110307b95ee19be569e05180ea2297"}
,"C:\\Rahul Space\\Namaste React\\src\\components\\Header.js": {"path":"C:\\Rahul Space\\Namaste React\\src\\components\\Header.js","statementMap":{"0":{"start":{"line":8,"column":15},"end":{"line":37,"column":1}},"1":{"start":{"line":9,"column":34},"end":{"line":9,"column":51}},"2":{"start":{"line":10,"column":19},"end":{"line":10,"column":36}},"3":{"start":{"line":12,"column":29},"end":{"line":12,"column":52}},"4":{"start":{"line":14,"column":22},"end":{"line":14,"column":62}},"5":{"start":{"line":14,"column":45},"end":{"line":14,"column":61}},"6":{"start":{"line":16,"column":4},"end":{"line":36,"column":5}},"7":{"start":{"line":31,"column":88},"end":{"line":31,"column":152}}},"fnMap":{"0":{"name":"(anonymous_0)","decl":{"start":{"line":8,"column":15},"end":{"line":8,"column":16}},"loc":{"start":{"line":8,"column":21},"end":{"line":37,"column":1}},"line":8},"1":{"name":"(anonymous_1)","decl":{"start":{"line":14,"column":34},"end":{"line":14,"column":35}},"loc":{"start":{"line":14,"column":45},"end":{"line":14,"column":61}},"line":14},"2":{"name":"(anonymous_2)","decl":{"start":{"line":31,"column":82},"end":{"line":31,"column":83}},"loc":{"start":{"line":31,"column":88},"end":{"line":31,"column":152}},"line":31}},"branchMap":{"0":{"loc":{"start":{"line":31,"column":88},"end":{"line":31,"column":152}},"type":"cond-expr","locations":[{"start":{"line":31,"column":110},"end":{"line":31,"column":130}},{"start":{"line":31,"column":133},"end":{"line":31,"column":152}}],"line":31},"1":{"loc":{"start":{"line":32,"column":57},"end":{"line":32,"column":77}},"type":"cond-expr","locations":[{"start":{"line":32,"column":66},"end":{"line":32,"column":70}},{"start":{"line":32,"column":73},"end":{"line":32,"column":77}}],"line":32}},"s":{"0":1,"1":3,"2":3,"3":3,"4":3,"5":5,"6":3,"7":1},"f":{"0":3,"1":5,"2":1},"b":{"0":[1,0],"1":[3,0]},"_coverageSchema":"1a1c01bbd47fc00a2c39e90264f33305004495a9","hash":"0c2779417a02de4ad03099452988c1442bae6214"}
,"C:\\Rahul Space\\Namaste React\\src\\components\\Sum.js": {"path":"C:\\Rahul Space\\Namaste React\\src\\components\\Sum.js","statementMap":{"0":{"start":{"line":1,"column":12},"end":{"line":3,"column":1}},"1":{"start":{"line":2,"column":4},"end":{"line":2,"column":17}}},"fnMap":{"0":{"name":"(anonymous_0)","decl":{"start":{"line":1,"column":12},"end":{"line":1,"column":13}},"loc":{"start":{"line":1,"column":22},"end":{"line":3,"column":1}},"line":1}},"branchMap":{},"s":{"0":1,"1":1},"f":{"0":1},"b":{},"_coverageSchema":"1a1c01bbd47fc00a2c39e90264f33305004495a9","hash":"c6a2d947a79e32e975dace4f9f6501a82f0343d0"}
,"C:\\Rahul Space\\Namaste React\\src\\utils\\UserContext.js": {"path":"C:\\Rahul Space\\Namaste React\\src\\utils\\UserContext.js","statementMap":{"0":{"start":{"line":1,"column":26},"end":{"line":1,"column":42}},"1":{"start":{"line":3,"column":20},"end":{"line":5,"column":2}}},"fnMap":{},"branchMap":{},"s":{"0":1,"1":1},"f":{},"b":{},"_coverageSchema":"1a1c01bbd47fc00a2c39e90264f33305004495a9","hash":"35ac61c6591c0646bf059460bea7e870cdcdac4c"}
,"C:\\Rahul Space\\Namaste React\\src\\utils\\appStore.js": {"path":"C:\\Rahul Space\\Namaste React\\src\\utils\\appStore.js","statementMap":{"0":{"start":{"line":4,"column":17},"end":{"line":8,"column":2}}},"fnMap":{},"branchMap":{},"s":{"0":1},"f":{},"b":{},"_coverageSchema":"1a1c01bbd47fc00a2c39e90264f33305004495a9","hash":"954e1aa00b9acd4f68167524ff6377c659739796"}
,"C:\\Rahul Space\\Namaste React\\src\\utils\\cartSlice.js": {"path":"C:\\Rahul Space\\Namaste React\\src\\utils\\cartSlice.js","statementMap":{"0":{"start":{"line":3,"column":18},"end":{"line":19,"column":2}},"1":{"start":{"line":10,"column":12},"end":{"line":10,"column":45}},"2":{"start":{"line":13,"column":12},"end":{"line":13,"column":30}},"3":{"start":{"line":16,"column":12},"end":{"line":16,"column":35}},"4":{"start":{"line":21,"column":50},"end":{"line":21,"column":67}}},"fnMap":{"0":{"name":"(anonymous_0)","decl":{"start":{"line":9,"column":17},"end":{"line":9,"column":18}},"loc":{"start":{"line":9,"column":36},"end":{"line":11,"column":9}},"line":9},"1":{"name":"(anonymous_1)","decl":{"start":{"line":12,"column":20},"end":{"line":12,"column":21}},"loc":{"start":{"line":12,"column":31},"end":{"line":14,"column":9}},"line":12},"2":{"name":"(anonymous_2)","decl":{"start":{"line":15,"column":19},"end":{"line":15,"column":20}},"loc":{"start":{"line":15,"column":30},"end":{"line":17,"column":9}},"line":15}},"branchMap":{},"s":{"0":1,"1":0,"2":0,"3":0,"4":1},"f":{"0":0,"1":0,"2":0},"b":{},"_coverageSchema":"1a1c01bbd47fc00a2c39e90264f33305004495a9","hash":"e55a782c409b62a949166d1ac6368f386771eda9"}
,"C:\\Rahul Space\\Namaste React\\src\\utils\\constants.js": {"path":"C:\\Rahul Space\\Namaste React\\src\\utils\\constants.js","statementMap":{"0":{"start":{"line":1,"column":23},"end":{"line":1,"column":106}},"1":{"start":{"line":3,"column":24},"end":{"line":3,"column":134}},"2":{"start":{"line":5,"column":24},"end":{"line":5,"column":143}}},"fnMap":{},"branchMap":{},"s":{"0":2,"1":2,"2":2},"f":{},"b":{},"_coverageSchema":"1a1c01bbd47fc00a2c39e90264f33305004495a9","hash":"11845058c5fce7262462e415a7f4bc1979122225"}
,"C:\\Rahul Space\\Namaste React\\src\\utils\\useOnlinestatus.js": {"path":"C:\\Rahul Space\\Namaste React\\src\\utils\\useOnlinestatus.js","statementMap":{"0":{"start":{"line":1,"column":32},"end":{"line":1,"column":48}},"1":{"start":{"line":3,"column":24},"end":{"line":12,"column":1}},"2":{"start":{"line":4,"column":32},"end":{"line":4,"column":46}},"3":{"start":{"line":6,"column":4},"end":{"line":9,"column":11}},"4":{"start":{"line":7,"column":8},"end":{"line":7,"column":67}},"5":{"start":{"line":7,"column":49},"end":{"line":7,"column":65}},"6":{"start":{"line":8,"column":8},"end":{"line":8,"column":65}},"7":{"start":{"line":8,"column":48},"end":{"line":8,"column":63}},"8":{"start":{"line":11,"column":4},"end":{"line":11,"column":18}}},"fnMap":{"0":{"name":"(anonymous_0)","decl":{"start":{"line":3,"column":24},"end":{"line":3,"column":25}},"loc":{"start":{"line":3,"column":30},"end":{"line":12,"column":1}},"line":3},"1":{"name":"(anonymous_1)","decl":{"start":{"line":6,"column":14},"end":{"line":6,"column":15}},"loc":{"start":{"line":6,"column":20},"end":{"line":9,"column":5}},"line":6},"2":{"name":"(anonymous_2)","decl":{"start":{"line":7,"column":43},"end":{"line":7,"column":44}},"loc":{"start":{"line":7,"column":49},"end":{"line":7,"column":65}},"line":7},"3":{"name":"(anonymous_3)","decl":{"start":{"line":8,"column":42},"end":{"line":8,"column":43}},"loc":{"start":{"line":8,"column":48},"end":{"line":8,"column":63}},"line":8}},"branchMap":{},"s":{"0":1,"1":1,"2":3,"3":3,"4":2,"5":0,"6":2,"7":0,"8":3},"f":{"0":3,"1":2,"2":0,"3":0},"b":{},"_coverageSchema":"1a1c01bbd47fc00a2c39e90264f33305004495a9","hash":"82e5827bbaf78016fa780427a9e5fabb66610ad5"}
}
